Using pre-set license

 COMMAND LINE ARGUMENTS:
/Applications/Unity/Hub/Editor/2020.3.1f1c1/Unity.app/Contents/MacOS/Unity
-adb2
-batchMode
-noUpm
-name
AssetImportWorker0
-projectPath
/Users/linjiawen_vendor/GitHub/URP_Water
-logFile
Logs/AssetImportWorker0.log
-srvPort
57561
Successfully changed project path to: /Users/linjiawen_vendor/GitHub/URP_Water
/Users/linjiawen_vendor/GitHub/URP_Water
Using Asset Import Pipeline V2.
Refreshing native plugins compatible for Editor in 101.66 ms, found 1 plugins.
Preloading 0 native plugins for Editor in 0.00 ms.
Initialize engine version: 2020.3.1f1c1 (3e9f4b065a9d)
[Subsystems] Discovering subsystems at path /Applications/Unity/Hub/Editor/2020.3.1f1c1/Unity.app/Contents/Resources/UnitySubsystems
[Subsystems] Discovering subsystems at path /Users/linjiawen_vendor/GitHub/URP_Water/Assets
GfxDevice: creating device client; threaded=0
2021-04-26 20:31:53.090 Unity[96347:255786646] Color LCD preferred device: AMD Radeon Pro 5300M (high power)
2021-04-26 20:31:53.090 Unity[96347:255786646] Metal devices available: 2
2021-04-26 20:31:53.090 Unity[96347:255786646] 0: AMD Radeon Pro 5300M (high power)
2021-04-26 20:31:53.091 Unity[96347:255786646] 1: Intel(R) UHD Graphics 630 (low power)
2021-04-26 20:31:53.091 Unity[96347:255786646] Using device AMD Radeon Pro 5300M (high power)
Initializing Metal device caps: AMD Radeon Pro 5300M
Initialize mono
Mono path[0] = '/Applications/Unity/Hub/Editor/2020.3.1f1c1/Unity.app/Contents/Managed'
Mono path[1] = '/Applications/Unity/Hub/Editor/2020.3.1f1c1/Unity.app/Contents/MonoBleedingEdge/lib/mono/unityjit'
Mono config path = '/Applications/Unity/Hub/Editor/2020.3.1f1c1/Unity.app/Contents/MonoBleedingEdge/etc'
Using monoOptions --debugger-agent=transport=dt_socket,embedding=1,server=y,suspend=n,address=127.0.0.1:56347
Begin MonoManager ReloadAssembly
Registering precompiled unity dll's ...
Register platform support module: /Applications/Unity/Hub/Editor/2020.3.1f1c1/Unity.app/Contents/PlaybackEngines/MacStandaloneSupport/UnityEditor.OSXStandalone.Extensions.dll
Registered in 0.000579 seconds.
Native extension for OSXStandalone target not found
Refreshing native plugins compatible for Editor in 53.23 ms, found 1 plugins.
Preloading 0 native plugins for Editor in 0.00 ms.
Invoked RoslynAnalysisRunner static constructor.
RoslynAnalysisRunner will not be running.
RoslynAnalysisRunner has terminated.
Mono: successfully reloaded assembly
- Completed reload, in  3.638 seconds
Platform modules already initialized, skipping
Registering precompiled user dll's ...
Registered in 0.000977 seconds.
Begin MonoManager ReloadAssembly
Native extension for OSXStandalone target not found
Refreshing native plugins compatible for Editor in 60.06 ms, found 1 plugins.
Preloading 0 native plugins for Editor in 0.00 ms.
Invoked RoslynAnalysisRunner static constructor.
RoslynAnalysisRunner will not be running.
RoslynAnalysisRunner has terminated.
Mono: successfully reloaded assembly
- Completed reload, in  1.459 seconds
Platform modules already initialized, skipping
========================================================================
Worker process is ready to serve import requests
Shader 'Universal Render Pipeline/Particles/Lit': fallback shader 'Universal Render Pipeline/Particles/SimpleLit' not found
Shader 'Universal Render Pipeline/Particles/Lit': fallback shader 'Universal Render Pipeline/Particles/SimpleLit' not found
Launching external process: /Applications/Unity/Hub/Editor/2020.3.1f1c1/Unity.app/Contents/Tools/UnityShaderCompiler
Launched and connected shader compiler UnityShaderCompiler after 0.04 seconds
Refreshing native plugins compatible for Editor in 0.43 ms, found 1 plugins.
Preloading 0 native plugins for Editor in 0.00 ms.
Unloading 2416 Unused Serialized files (Serialized files now loaded: 0)
System memory in use before: 176.5 MB.
System memory in use after: 174.1 MB.

Unloading 46 unused Assets to reduce memory usage. Loaded Objects now: 2820.
Total: 4.243576 ms (FindLiveObjects: 0.308846 ms CreateObjectMapping: 0.146954 ms MarkObjects: 2.155474 ms  DeleteObjects: 1.631246 ms)

========================================================================
Received Import Request.
  path: Assets/Readme.asset
  artifactKey: Guid(83c2ed844a8c74b779a4c823d16594b1) Importer(815301076,1909f56bfc062723c751e8b465ee728b)
Start importing Assets/Readme.asset using Guid(83c2ed844a8c74b779a4c823d16594b1) Importer(815301076,1909f56bfc062723c751e8b465ee728b)  -> (artifact id: '67411a0269293f558c24bc94c0594c98') in 1.013301 seconds
  Import took 1.018113 seconds .

========================================================================
Received Import Request.
  Time since last request: 3.114167 seconds.
  path: Assets/Readme.asset
  artifactKey: Guid(83c2ed844a8c74b779a4c823d16594b1) Importer(815301076,1909f56bfc062723c751e8b465ee728b)
Start importing Assets/Readme.asset using Guid(83c2ed844a8c74b779a4c823d16594b1) Importer(815301076,1909f56bfc062723c751e8b465ee728b)  -> (artifact id: '67411a0269293f558c24bc94c0594c98') in 0.005090 seconds
  Import took 0.009139 seconds .

========================================================================
Received Import Request.
  Time since last request: 4.185328 seconds.
  path: Assets/Materials/Skybox_Mat.mat
  artifactKey: Guid(0ffaa0b7117ba8c47a9d05ae701d4b4d) Importer(815301076,1909f56bfc062723c751e8b465ee728b)
Start importing Assets/Materials/Skybox_Mat.mat using Guid(0ffaa0b7117ba8c47a9d05ae701d4b4d) Importer(815301076,1909f56bfc062723c751e8b465ee728b)  -> (artifact id: '0ebb5768a08c2bb203d89b72011d6460') in 0.954311 seconds
  Import took 0.959728 seconds .

========================================================================
Received Import Request.
  Time since last request: 2.975623 seconds.
  path: Assets/Presets/AudioCompressedInMemory.preset
  artifactKey: Guid(2dd802e4d37c65149922028d3e973832) Importer(815301076,1909f56bfc062723c751e8b465ee728b)
Start importing Assets/Presets/AudioCompressedInMemory.preset using Guid(2dd802e4d37c65149922028d3e973832) Importer(815301076,1909f56bfc062723c751e8b465ee728b)  -> (artifact id: 'a0284c4d7353183be3b8c26b5bfba218') in 0.228651 seconds
  Import took 0.234316 seconds .

========================================================================
Received Import Request.
  Time since last request: 0.000262 seconds.
  path: Assets/Presets/AudioStreaming.preset
  artifactKey: Guid(86bcce7f5575b54408aa0f3a7d321039) Importer(815301076,1909f56bfc062723c751e8b465ee728b)
Start importing Assets/Presets/AudioStreaming.preset using Guid(86bcce7f5575b54408aa0f3a7d321039) Importer(815301076,1909f56bfc062723c751e8b465ee728b)  -> (artifact id: '7dbc534818dc39006cfea8c713e626d5') in 0.005348 seconds
  Import took 0.011170 seconds .

========================================================================
Received Import Request.
  Time since last request: 0.000308 seconds.
  path: Assets/Presets/NormalTexture.preset
  artifactKey: Guid(14a57cf3b9fa1c74b884aa7e0dcf1faa) Importer(815301076,1909f56bfc062723c751e8b465ee728b)
Start importing Assets/Presets/NormalTexture.preset using Guid(14a57cf3b9fa1c74b884aa7e0dcf1faa) Importer(815301076,1909f56bfc062723c751e8b465ee728b)  -> (artifact id: '19f194b7ee6ae0168d77d3da4626e7db') in 0.009037 seconds
  Import took 0.014807 seconds .

========================================================================
Received Import Request.
  Time since last request: 0.000230 seconds.
  path: Assets/Presets/UtilityTexture.preset
  artifactKey: Guid(45f7b2e3c78185248b3adbb14429c2ab) Importer(815301076,1909f56bfc062723c751e8b465ee728b)
Start importing Assets/Presets/UtilityTexture.preset using Guid(45f7b2e3c78185248b3adbb14429c2ab) Importer(815301076,1909f56bfc062723c751e8b465ee728b)  -> (artifact id: '17a724167d5b0999e806c38e46ff57af') in 0.006929 seconds
  Import took 0.012223 seconds .

========================================================================
Received Import Request.
  Time since last request: 10.751477 seconds.
  path: Assets/Settings/ForwardRenderer.asset
  artifactKey: Guid(4a8e21d5c33334b11b34a596161b9360) Importer(815301076,1909f56bfc062723c751e8b465ee728b)
Start importing Assets/Settings/ForwardRenderer.asset using Guid(4a8e21d5c33334b11b34a596161b9360) Importer(815301076,1909f56bfc062723c751e8b465ee728b)  -> (artifact id: '46b23c4f0968f84e4e2e1b04bcb168bb') in 0.005892 seconds
  Import took 0.010814 seconds .

========================================================================
Received Import Request.
  Time since last request: 0.000234 seconds.
  path: Assets/Settings/SampleSceneProfile.asset
  artifactKey: Guid(10fc4df2da32a41aaa32d77bc913491c) Importer(815301076,1909f56bfc062723c751e8b465ee728b)
Start importing Assets/Settings/SampleSceneProfile.asset using Guid(10fc4df2da32a41aaa32d77bc913491c) Importer(815301076,1909f56bfc062723c751e8b465ee728b)  -> (artifact id: 'b35ce13db25da34280ea036da3610584') in 0.012322 seconds
  Import took 0.020033 seconds .

========================================================================
Received Import Request.
  Time since last request: 0.000289 seconds.
  path: Assets/Settings/UniversalRP-LowQuality.asset
  artifactKey: Guid(a31e9f9f9c9d4b9429ed0d1234e22103) Importer(815301076,1909f56bfc062723c751e8b465ee728b)
Start importing Assets/Settings/UniversalRP-LowQuality.asset using Guid(a31e9f9f9c9d4b9429ed0d1234e22103) Importer(815301076,1909f56bfc062723c751e8b465ee728b)  -> (artifact id: '4f602fc06ac675c2ecf94f713410f7f3') in 0.006185 seconds
  Import took 0.010700 seconds .

========================================================================
Received Import Request.
  Time since last request: 0.000248 seconds.
  path: Assets/Settings/UniversalRP-MediumQuality.asset
  artifactKey: Guid(d847b876476d3d6468f5dfcd34266f96) Importer(815301076,1909f56bfc062723c751e8b465ee728b)
Start importing Assets/Settings/UniversalRP-MediumQuality.asset using Guid(d847b876476d3d6468f5dfcd34266f96) Importer(815301076,1909f56bfc062723c751e8b465ee728b)  -> (artifact id: '90c9e41f1956c9289a3afb4ad2dbaf2d') in 0.005982 seconds
  Import took 0.010342 seconds .

========================================================================
Received Import Request.
  Time since last request: 0.000296 seconds.
  path: Assets/Settings/UniversalRP-HighQuality.asset
  artifactKey: Guid(19ba41d7c0026c3459d37c2fe90c55a0) Importer(815301076,1909f56bfc062723c751e8b465ee728b)
Start importing Assets/Settings/UniversalRP-HighQuality.asset using Guid(19ba41d7c0026c3459d37c2fe90c55a0) Importer(815301076,1909f56bfc062723c751e8b465ee728b)  -> (artifact id: 'ad60f574c0ccbf883013220d250cccbb') in 0.005967 seconds
  Import took 0.010886 seconds .

========================================================================
Received Prepare
Registering precompiled user dll's ...
Registered in 0.001412 seconds.
Begin MonoManager ReloadAssembly
Native extension for OSXStandalone target not found
Refreshing native plugins compatible for Editor in 0.40 ms, found 1 plugins.
Preloading 0 native plugins for Editor in 0.00 ms.
Invoked RoslynAnalysisRunner static constructor.
RoslynAnalysisRunner will not be running.
RoslynAnalysisRunner has terminated.
Mono: successfully reloaded assembly
- Completed reload, in  1.207 seconds
Platform modules already initialized, skipping
Shader 'Universal Render Pipeline/Particles/Lit': fallback shader 'Universal Render Pipeline/Particles/SimpleLit' not found
Shader 'Universal Render Pipeline/Particles/Lit': fallback shader 'Universal Render Pipeline/Particles/SimpleLit' not found
Refreshing native plugins compatible for Editor in 0.38 ms, found 1 plugins.
Preloading 0 native plugins for Editor in 0.00 ms.
Unloading 2343 Unused Serialized files (Serialized files now loaded: 0)
System memory in use before: 192.2 MB.
System memory in use after: 189.8 MB.

Unloading 42 unused Assets to reduce memory usage. Loaded Objects now: 2902.
Total: 4.031308 ms (FindLiveObjects: 0.297952 ms CreateObjectMapping: 0.107842 ms MarkObjects: 1.890695 ms  DeleteObjects: 1.733680 ms)

========================================================================
Received Import Request.
  Time since last request: 19.738431 seconds.
  path: Assets/Scenes/SampleScene.unity
  artifactKey: Guid(d1c3109bdb54ad54c8a2b2838528e640) Importer(815301076,1909f56bfc062723c751e8b465ee728b)
Start importing Assets/Scenes/SampleScene.unity using Guid(d1c3109bdb54ad54c8a2b2838528e640) Importer(815301076,1909f56bfc062723c751e8b465ee728b)  -> (artifact id: '4c720d620c4f3b4c74c2f99477924344') in 0.017665 seconds
  Import took 0.023535 seconds .

========================================================================
Received Import Request.
  Time since last request: 56.930147 seconds.
  path: Assets/Scenes/New Lighting Settings.lighting
  artifactKey: Guid(8d7340451c24e4343be09613731d2a46) Importer(815301076,1909f56bfc062723c751e8b465ee728b)
Start importing Assets/Scenes/New Lighting Settings.lighting using Guid(8d7340451c24e4343be09613731d2a46) Importer(815301076,1909f56bfc062723c751e8b465ee728b)  -> (artifact id: 'cfb2fc0d4f6a2017e37332df9c95eebe') in 0.187169 seconds
  Import took 0.191770 seconds .

========================================================================
Received Import Request.
  Time since last request: 114.619403 seconds.
  path: Assets/Scenes/Lighting Settings.lighting
  artifactKey: Guid(079c95ab1b215423b9ae9ce1371db5b3) Importer(815301076,1909f56bfc062723c751e8b465ee728b)
Start importing Assets/Scenes/Lighting Settings.lighting using Guid(079c95ab1b215423b9ae9ce1371db5b3) Importer(815301076,1909f56bfc062723c751e8b465ee728b)  -> (artifact id: '6268d43282580c82f292fa26f30f628f') in 0.004793 seconds
  Import took 0.010350 seconds .

========================================================================
Received Import Request.
  Time since last request: 77.989023 seconds.
  path: Assets/Settings/SampleSceneProfile.asset
  artifactKey: Guid(10fc4df2da32a41aaa32d77bc913491c) Importer(815301076,1909f56bfc062723c751e8b465ee728b)
Start importing Assets/Settings/SampleSceneProfile.asset using Guid(10fc4df2da32a41aaa32d77bc913491c) Importer(815301076,1909f56bfc062723c751e8b465ee728b)  -> (artifact id: '1c59ede61e80ba3659f52611b4e1f821') in 0.004960 seconds
  Import took 0.009826 seconds .

========================================================================
Received Import Request.
  Time since last request: 49545.510002 seconds.
  path: Assets/Materials/Skybox_Mat.mat
  artifactKey: Guid(0ffaa0b7117ba8c47a9d05ae701d4b4d) Importer(815301076,1909f56bfc062723c751e8b465ee728b)
Start importing Assets/Materials/Skybox_Mat.mat using Guid(0ffaa0b7117ba8c47a9d05ae701d4b4d) Importer(815301076,1909f56bfc062723c751e8b465ee728b)  -> (artifact id: 'e3f65315b5a9f3a989dae07e2e9c772b') in 0.195375 seconds
  Import took 0.201595 seconds .

========================================================================
Received Import Request.
  Time since last request: 736.935038 seconds.
  path: Assets/Scenes/SampleScene/LightingData.asset
  artifactKey: Guid(74610f0795ae0439e8e5fe953070e4b5) Importer(815301076,1909f56bfc062723c751e8b465ee728b)
Start importing Assets/Scenes/SampleScene/LightingData.asset using Guid(74610f0795ae0439e8e5fe953070e4b5) Importer(815301076,1909f56bfc062723c751e8b465ee728b)  -> (artifact id: 'f1db7cd93c96ac722c1087fe84c319d9') in 0.004119 seconds
  Import took 0.009000 seconds .

========================================================================
Received Import Request.
  Time since last request: 0.000188 seconds.
  path: Assets/Scenes/SampleScene/ReflectionProbe-0.exr
  artifactKey: Guid(09ca4f9efa4d4431db6a0a34c8abfcff) Importer(815301076,1909f56bfc062723c751e8b465ee728b)
Start importing Assets/Scenes/SampleScene/ReflectionProbe-0.exr using Guid(09ca4f9efa4d4431db6a0a34c8abfcff) Importer(815301076,1909f56bfc062723c751e8b465ee728b)  -> (artifact id: 'b818a7bf9a79050491149d69481596aa') in 1.277646 seconds
  Import took 1.281224 seconds .

========================================================================
Received Import Request.
  Time since last request: 21.894320 seconds.
  path: Assets/Shaders/Shader Graphs_Water.mat
  artifactKey: Guid(b8e554ed6d67c461c8f473c380350a89) Importer(815301076,1909f56bfc062723c751e8b465ee728b)
Start importing Assets/Shaders/Shader Graphs_Water.mat using Guid(b8e554ed6d67c461c8f473c380350a89) Importer(815301076,1909f56bfc062723c751e8b465ee728b)  -> (artifact id: '386fc3a2dc59b3c3c78e48b5cb719e94') in 0.796362 seconds
  Import took 0.800414 seconds .

========================================================================
Received Import Request.
  Time since last request: 4.919295 seconds.
  path: Assets/Textures/WaterFoam.png
  artifactKey: Guid(93668f58e57ad4852971697d27420493) Importer(815301076,1909f56bfc062723c751e8b465ee728b)
Start importing Assets/Textures/WaterFoam.png using Guid(93668f58e57ad4852971697d27420493) Importer(815301076,1909f56bfc062723c751e8b465ee728b)  -> (artifact id: '89be11b14878a5b48df5e60e5612c214') in 0.873372 seconds
  Import took 0.877926 seconds .

========================================================================
Received Import Request.
  Time since last request: 0.000212 seconds.
  path: Assets/Textures/WaterSurface_single.tif
  artifactKey: Guid(d09335e00ddc04754bcc837f7b498651) Importer(815301076,1909f56bfc062723c751e8b465ee728b)
Start importing Assets/Textures/WaterSurface_single.tif using Guid(d09335e00ddc04754bcc837f7b498651) Importer(815301076,1909f56bfc062723c751e8b465ee728b)  -> (artifact id: '64c38ca28847e7d236829ff16e41b50b') in 0.824917 seconds
  Import took 0.829191 seconds .

========================================================================
Received Import Request.
  Time since last request: 268.071499 seconds.
  path: Assets/Shaders/Water.shadergraph
  artifactKey: Guid(ecf12d293350a49c9a4b068c4d4875ad) Importer(815301076,1909f56bfc062723c751e8b465ee728b)
Start importing Assets/Shaders/Water.shadergraph using Guid(ecf12d293350a49c9a4b068c4d4875ad) Importer(815301076,1909f56bfc062723c751e8b465ee728b)  -> (artifact id: '2d1e2583fe8239896e22d193d101f668') in 0.160772 seconds
  Import took 0.164953 seconds .

========================================================================
Received Import Request.
  Time since last request: 0.946829 seconds.
  path: Assets/Shaders/Water.shadergraph
  artifactKey: Guid(ecf12d293350a49c9a4b068c4d4875ad) Importer(815301076,1909f56bfc062723c751e8b465ee728b)
Start importing Assets/Shaders/Water.shadergraph using Guid(ecf12d293350a49c9a4b068c4d4875ad) Importer(815301076,1909f56bfc062723c751e8b465ee728b)  -> (artifact id: '2d1e2583fe8239896e22d193d101f668') in 0.003275 seconds
  Import took 0.007557 seconds .

========================================================================
Received Import Request.
  Time since last request: 43.177982 seconds.
  path: Assets/Shaders/Water.shadergraph
  artifactKey: Guid(ecf12d293350a49c9a4b068c4d4875ad) Importer(815301076,1909f56bfc062723c751e8b465ee728b)
Start importing Assets/Shaders/Water.shadergraph using Guid(ecf12d293350a49c9a4b068c4d4875ad) Importer(815301076,1909f56bfc062723c751e8b465ee728b)  -> (artifact id: '7650ff2ad39e81981e47acb64b4ec73e') in 0.003377 seconds
  Import took 0.008095 seconds .

========================================================================
Received Import Request.
  Time since last request: 27.955552 seconds.
  path: Assets/Shaders/Water.shadergraph
  artifactKey: Guid(ecf12d293350a49c9a4b068c4d4875ad) Importer(815301076,1909f56bfc062723c751e8b465ee728b)
Start importing Assets/Shaders/Water.shadergraph using Guid(ecf12d293350a49c9a4b068c4d4875ad) Importer(815301076,1909f56bfc062723c751e8b465ee728b)  -> (artifact id: '618e53072c2d3c7837af16df791ed63b') in 0.003169 seconds
  Import took 0.008452 seconds .

========================================================================
Received Import Request.
  Time since last request: 22499.600383 seconds.
  path: Assets/Scripts/SimpleCameraController.cs
  artifactKey: Guid(be76e5f14cfee674cb30b491fb72b09b) Importer(815301076,1909f56bfc062723c751e8b465ee728b)
Start importing Assets/Scripts/SimpleCameraController.cs using Guid(be76e5f14cfee674cb30b491fb72b09b) Importer(815301076,1909f56bfc062723c751e8b465ee728b)  -> (artifact id: '920ef0c9bcce7f6d394084ac882498f0') in 0.523852 seconds
  Import took 0.711669 seconds .

========================================================================
Received Prepare
Registering precompiled user dll's ...
Registered in 0.001065 seconds.
Begin MonoManager ReloadAssembly
Native extension for OSXStandalone target not found
Refreshing native plugins compatible for Editor in 0.41 ms, found 1 plugins.
Preloading 0 native plugins for Editor in 0.00 ms.
Invoked RoslynAnalysisRunner static constructor.
RoslynAnalysisRunner will not be running.
RoslynAnalysisRunner has terminated.
Mono: successfully reloaded assembly
- Completed reload, in  1.265 seconds
Platform modules already initialized, skipping
Shader 'Universal Render Pipeline/Particles/Lit': fallback shader 'Universal Render Pipeline/Particles/SimpleLit' not found
Shader 'Universal Render Pipeline/Particles/Lit': fallback shader 'Universal Render Pipeline/Particles/SimpleLit' not found
Refreshing native plugins compatible for Editor in 0.40 ms, found 1 plugins.
Preloading 0 native plugins for Editor in 0.00 ms.
Unloading 2341 Unused Serialized files (Serialized files now loaded: 0)
System memory in use before: 219.2 MB.
System memory in use after: 216.9 MB.

Unloading 41 unused Assets to reduce memory usage. Loaded Objects now: 2946.
Total: 5.917169 ms (FindLiveObjects: 1.116825 ms CreateObjectMapping: 0.221398 ms MarkObjects: 2.517553 ms  DeleteObjects: 2.060223 ms)

========================================================================
Received Import Request.
  Time since last request: 16.491887 seconds.
  path: Assets/Scripts
  artifactKey: Guid(02a3527b6b33a924e8ec66aa805ea717) Importer(815301076,1909f56bfc062723c751e8b465ee728b)
Start importing Assets/Scripts using Guid(02a3527b6b33a924e8ec66aa805ea717) Importer(815301076,1909f56bfc062723c751e8b465ee728b)  -> (artifact id: '906b46dc10234ca76fde5a49b3860a9f') in 0.004069 seconds
  Import took 0.008382 seconds .

========================================================================
Received Prepare
Registering precompiled user dll's ...
Registered in 0.000904 seconds.
Begin MonoManager ReloadAssembly
Native extension for OSXStandalone target not found
Refreshing native plugins compatible for Editor in 0.39 ms, found 1 plugins.
Preloading 0 native plugins for Editor in 0.00 ms.
Invoked RoslynAnalysisRunner static constructor.
RoslynAnalysisRunner will not be running.
RoslynAnalysisRunner has terminated.
Mono: successfully reloaded assembly
- Completed reload, in  1.017 seconds
Platform modules already initialized, skipping
Shader 'Universal Render Pipeline/Particles/Lit': fallback shader 'Universal Render Pipeline/Particles/SimpleLit' not found
Shader 'Universal Render Pipeline/Particles/Lit': fallback shader 'Universal Render Pipeline/Particles/SimpleLit' not found
Refreshing native plugins compatible for Editor in 0.38 ms, found 1 plugins.
Preloading 0 native plugins for Editor in 0.00 ms.
Unloading 2340 Unused Serialized files (Serialized files now loaded: 0)
System memory in use before: 219.3 MB.
System memory in use after: 217.0 MB.

Unloading 40 unused Assets to reduce memory usage. Loaded Objects now: 2950.
Total: 3.919445 ms (FindLiveObjects: 0.255129 ms CreateObjectMapping: 0.104569 ms MarkObjects: 1.795710 ms  DeleteObjects: 1.763302 ms)

========================================================================
Received Import Request.
  Time since last request: 13.213568 seconds.
  path: Assets/Settings/UniversalRP-HighQuality.asset
  artifactKey: Guid(19ba41d7c0026c3459d37c2fe90c55a0) Importer(815301076,1909f56bfc062723c751e8b465ee728b)
Start importing Assets/Settings/UniversalRP-HighQuality.asset using Guid(19ba41d7c0026c3459d37c2fe90c55a0) Importer(815301076,1909f56bfc062723c751e8b465ee728b)  -> (artifact id: '0bec871dbafaad98915fe51fa99f7be7') in 0.023286 seconds
  Import took 0.028121 seconds .

========================================================================
Received Import Request.
  Time since last request: 95.638229 seconds.
  path: Assets/Scripts/PlanarReflections.cs
  artifactKey: Guid(41d939d39496143398a43a780354090f) Importer(815301076,1909f56bfc062723c751e8b465ee728b)
Start importing Assets/Scripts/PlanarReflections.cs using Guid(41d939d39496143398a43a780354090f) Importer(815301076,1909f56bfc062723c751e8b465ee728b)  -> (artifact id: '7414777e5ac298f0226d7f9ed8e3fc9c') in 0.004871 seconds
  Import took 0.009576 seconds .

========================================================================
Received Import Request.
  Time since last request: 0.000461 seconds.
  path: Assets/Scripts/PlanarReflections.cs
  artifactKey: Guid(41d939d39496143398a43a780354090f) Importer(815301076,1909f56bfc062723c751e8b465ee728b)
Start importing Assets/Scripts/PlanarReflections.cs using Guid(41d939d39496143398a43a780354090f) Importer(815301076,1909f56bfc062723c751e8b465ee728b)  -> (artifact id: '7414777e5ac298f0226d7f9ed8e3fc9c') in 0.004699 seconds
  Import took 0.008592 seconds .

========================================================================
Received Prepare
Registering precompiled user dll's ...
Registered in 0.000815 seconds.
Begin MonoManager ReloadAssembly
Native extension for OSXStandalone target not found
Refreshing native plugins compatible for Editor in 0.35 ms, found 1 plugins.
Preloading 0 native plugins for Editor in 0.00 ms.
Invoked RoslynAnalysisRunner static constructor.
RoslynAnalysisRunner will not be running.
RoslynAnalysisRunner has terminated.
Mono: successfully reloaded assembly
- Completed reload, in  1.019 seconds
Platform modules already initialized, skipping
Shader 'Universal Render Pipeline/Particles/Lit': fallback shader 'Universal Render Pipeline/Particles/SimpleLit' not found
Shader 'Universal Render Pipeline/Particles/Lit': fallback shader 'Universal Render Pipeline/Particles/SimpleLit' not found
Refreshing native plugins compatible for Editor in 0.38 ms, found 1 plugins.
Preloading 0 native plugins for Editor in 0.00 ms.
Unloading 2341 Unused Serialized files (Serialized files now loaded: 0)
System memory in use before: 219.6 MB.
System memory in use after: 217.2 MB.

Unloading 40 unused Assets to reduce memory usage. Loaded Objects now: 2954.
Total: 5.475816 ms (FindLiveObjects: 0.399793 ms CreateObjectMapping: 0.224390 ms MarkObjects: 2.877117 ms  DeleteObjects: 1.973123 ms)

========================================================================
Received Import Request.
  Time since last request: 359.533009 seconds.
  path: Assets/Scripts/PlanarReflections.cs
  artifactKey: Guid(41d939d39496143398a43a780354090f) Importer(815301076,1909f56bfc062723c751e8b465ee728b)
Start importing Assets/Scripts/PlanarReflections.cs using Guid(41d939d39496143398a43a780354090f) Importer(815301076,1909f56bfc062723c751e8b465ee728b)  -> (artifact id: 'd1b95511d0c9d4b3c48a2ce321f72a3a') in 0.008225 seconds
  Import took 0.013305 seconds .

========================================================================
Received Prepare
Registering precompiled user dll's ...
Registered in 0.000908 seconds.
Begin MonoManager ReloadAssembly
Native extension for OSXStandalone target not found
Refreshing native plugins compatible for Editor in 0.37 ms, found 1 plugins.
Preloading 0 native plugins for Editor in 0.00 ms.
Invoked RoslynAnalysisRunner static constructor.
RoslynAnalysisRunner will not be running.
RoslynAnalysisRunner has terminated.
Mono: successfully reloaded assembly
- Completed reload, in  1.108 seconds
Platform modules already initialized, skipping
Shader 'Universal Render Pipeline/Particles/Lit': fallback shader 'Universal Render Pipeline/Particles/SimpleLit' not found
Shader 'Universal Render Pipeline/Particles/Lit': fallback shader 'Universal Render Pipeline/Particles/SimpleLit' not found
Refreshing native plugins compatible for Editor in 0.38 ms, found 1 plugins.
Preloading 0 native plugins for Editor in 0.00 ms.
Unloading 2340 Unused Serialized files (Serialized files now loaded: 0)
System memory in use before: 219.7 MB.
System memory in use after: 217.3 MB.

Unloading 40 unused Assets to reduce memory usage. Loaded Objects now: 2957.
Total: 4.542558 ms (FindLiveObjects: 0.305680 ms CreateObjectMapping: 0.137266 ms MarkObjects: 1.998679 ms  DeleteObjects: 2.099742 ms)

========================================================================
Received Import Request.
  Time since last request: 1029.183773 seconds.
  path: Assets/Scripts/PlanarReflections.cs
  artifactKey: Guid(41d939d39496143398a43a780354090f) Importer(815301076,1909f56bfc062723c751e8b465ee728b)
Start importing Assets/Scripts/PlanarReflections.cs using Guid(41d939d39496143398a43a780354090f) Importer(815301076,1909f56bfc062723c751e8b465ee728b)  -> (artifact id: '23a3cb7f69c9199397f74c5d15d53d44') in 0.007189 seconds
  Import took 0.011971 seconds .

========================================================================
Received Prepare
Registering precompiled user dll's ...
Registered in 0.000801 seconds.
Begin MonoManager ReloadAssembly
Native extension for OSXStandalone target not found
Refreshing native plugins compatible for Editor in 0.38 ms, found 1 plugins.
Preloading 0 native plugins for Editor in 0.00 ms.
Invoked RoslynAnalysisRunner static constructor.
RoslynAnalysisRunner will not be running.
RoslynAnalysisRunner has terminated.
Mono: successfully reloaded assembly
- Completed reload, in  1.131 seconds
Platform modules already initialized, skipping
Shader 'Universal Render Pipeline/Particles/Lit': fallback shader 'Universal Render Pipeline/Particles/SimpleLit' not found
Shader 'Universal Render Pipeline/Particles/Lit': fallback shader 'Universal Render Pipeline/Particles/SimpleLit' not found
Refreshing native plugins compatible for Editor in 0.38 ms, found 1 plugins.
Preloading 0 native plugins for Editor in 0.00 ms.
Unloading 2340 Unused Serialized files (Serialized files now loaded: 0)
System memory in use before: 219.9 MB.
System memory in use after: 217.6 MB.

Unloading 40 unused Assets to reduce memory usage. Loaded Objects now: 2960.
Total: 4.361333 ms (FindLiveObjects: 0.304792 ms CreateObjectMapping: 0.116622 ms MarkObjects: 1.978862 ms  DeleteObjects: 1.959961 ms)

========================================================================
Received Prepare
Registering precompiled user dll's ...
Registered in 0.000864 seconds.
Begin MonoManager ReloadAssembly
Native extension for OSXStandalone target not found
Refreshing native plugins compatible for Editor in 0.42 ms, found 1 plugins.
Preloading 0 native plugins for Editor in 0.00 ms.
Invoked RoslynAnalysisRunner static constructor.
RoslynAnalysisRunner will not be running.
RoslynAnalysisRunner has terminated.
Mono: successfully reloaded assembly
- Completed reload, in  1.076 seconds
Platform modules already initialized, skipping
Shader 'Universal Render Pipeline/Particles/Lit': fallback shader 'Universal Render Pipeline/Particles/SimpleLit' not found
Shader 'Universal Render Pipeline/Particles/Lit': fallback shader 'Universal Render Pipeline/Particles/SimpleLit' not found
Refreshing native plugins compatible for Editor in 0.39 ms, found 1 plugins.
Preloading 0 native plugins for Editor in 0.00 ms.
Unloading 2340 Unused Serialized files (Serialized files now loaded: 0)
System memory in use before: 220.2 MB.
System memory in use after: 217.8 MB.

Unloading 40 unused Assets to reduce memory usage. Loaded Objects now: 2963.
Total: 4.620645 ms (FindLiveObjects: 0.301992 ms CreateObjectMapping: 0.120683 ms MarkObjects: 2.244143 ms  DeleteObjects: 1.950709 ms)

========================================================================
Received Prepare
Registering precompiled user dll's ...
Registered in 0.000893 seconds.
Begin MonoManager ReloadAssembly
Native extension for OSXStandalone target not found
Refreshing native plugins compatible for Editor in 0.37 ms, found 1 plugins.
Preloading 0 native plugins for Editor in 0.00 ms.
Invoked RoslynAnalysisRunner static constructor.
RoslynAnalysisRunner will not be running.
RoslynAnalysisRunner has terminated.
Mono: successfully reloaded assembly
- Completed reload, in  1.081 seconds
Platform modules already initialized, skipping
Shader 'Universal Render Pipeline/Particles/Lit': fallback shader 'Universal Render Pipeline/Particles/SimpleLit' not found
Shader 'Universal Render Pipeline/Particles/Lit': fallback shader 'Universal Render Pipeline/Particles/SimpleLit' not found
Refreshing native plugins compatible for Editor in 0.39 ms, found 1 plugins.
Preloading 0 native plugins for Editor in 0.00 ms.
Unloading 2340 Unused Serialized files (Serialized files now loaded: 0)
System memory in use before: 220.4 MB.
System memory in use after: 218.0 MB.

Unloading 40 unused Assets to reduce memory usage. Loaded Objects now: 2966.
Total: 4.249066 ms (FindLiveObjects: 0.328877 ms CreateObjectMapping: 0.188774 ms MarkObjects: 1.913296 ms  DeleteObjects: 1.817298 ms)

========================================================================
Received Prepare
Registering precompiled user dll's ...
Registered in 0.002146 seconds.
Begin MonoManager ReloadAssembly
Native extension for OSXStandalone target not found
Refreshing native plugins compatible for Editor in 0.38 ms, found 1 plugins.
Preloading 0 native plugins for Editor in 0.00 ms.
Invoked RoslynAnalysisRunner static constructor.
RoslynAnalysisRunner will not be running.
RoslynAnalysisRunner has terminated.
Mono: successfully reloaded assembly
- Completed reload, in  1.118 seconds
Platform modules already initialized, skipping
Shader 'Universal Render Pipeline/Particles/Lit': fallback shader 'Universal Render Pipeline/Particles/SimpleLit' not found
Shader 'Universal Render Pipeline/Particles/Lit': fallback shader 'Universal Render Pipeline/Particles/SimpleLit' not found
Refreshing native plugins compatible for Editor in 0.38 ms, found 1 plugins.
Preloading 0 native plugins for Editor in 0.00 ms.
Unloading 2340 Unused Serialized files (Serialized files now loaded: 0)
System memory in use before: 220.5 MB.
System memory in use after: 218.2 MB.

Unloading 40 unused Assets to reduce memory usage. Loaded Objects now: 2969.
Total: 4.471942 ms (FindLiveObjects: 0.289312 ms CreateObjectMapping: 0.123304 ms MarkObjects: 2.164291 ms  DeleteObjects: 1.893832 ms)

========================================================================
Received Import Request.
  Time since last request: 1455.353754 seconds.
  path: Assets/Materials/Shader Graphs_Water.mat
  artifactKey: Guid(b8e554ed6d67c461c8f473c380350a89) Importer(815301076,1909f56bfc062723c751e8b465ee728b)
Start importing Assets/Materials/Shader Graphs_Water.mat using Guid(b8e554ed6d67c461c8f473c380350a89) Importer(815301076,1909f56bfc062723c751e8b465ee728b)  -> (artifact id: '62e76f70afab69dd964c354a65c98e93') in 0.357193 seconds
  Import took 0.361581 seconds .

