Using pre-set license

 COMMAND LINE ARGUMENTS:
/Applications/Unity/Hub/Editor/2020.3.15f2c1/Unity.app/Contents/MacOS/Unity
-adb2
-batchMode
-noUpm
-name
AssetImportWorker0
-projectPath
/Users/linjiawen_vendor/GitHub/URP_Water
-logFile
Logs/AssetImportWorker0.log
-srvPort
52381
Successfully changed project path to: /Users/linjiawen_vendor/GitHub/URP_Water
/Users/linjiawen_vendor/GitHub/URP_Water
Using Asset Import Pipeline V2.
Refreshing native plugins compatible for Editor in 48.00 ms, found 2 plugins.
Preloading 0 native plugins for Editor in 0.00 ms.
Initialize engine version: 2020.3.15f2c1 (b25d0e34ed8a)
[Subsystems] Discovering subsystems at path /Applications/Unity/Hub/Editor/2020.3.15f2c1/Unity.app/Contents/Resources/UnitySubsystems
[Subsystems] Discovering subsystems at path /Users/linjiawen_vendor/GitHub/URP_Water/Assets
GfxDevice: creating device client; threaded=0
2021-08-16 14:36:35.305 Unity[1532:90247360] Color LCD preferred device: AMD Radeon Pro 5300M (high power)
2021-08-16 14:36:35.305 Unity[1532:90247360] Metal devices available: 2
2021-08-16 14:36:35.305 Unity[1532:90247360] 0: AMD Radeon Pro 5300M (high power)
2021-08-16 14:36:35.305 Unity[1532:90247360] 1: Intel(R) UHD Graphics 630 (low power)
2021-08-16 14:36:35.305 Unity[1532:90247360] Using device AMD Radeon Pro 5300M (high power)
Initializing Metal device caps: AMD Radeon Pro 5300M
Shader 'Universal Render Pipeline/Particles/Lit': fallback shader 'Universal Render Pipeline/Particles/SimpleLit' not found
Initialize mono
Mono path[0] = '/Applications/Unity/Hub/Editor/2020.3.15f2c1/Unity.app/Contents/Managed'
Mono path[1] = '/Applications/Unity/Hub/Editor/2020.3.15f2c1/Unity.app/Contents/MonoBleedingEdge/lib/mono/unityjit'
Mono config path = '/Applications/Unity/Hub/Editor/2020.3.15f2c1/Unity.app/Contents/MonoBleedingEdge/etc'
Using monoOptions --debugger-agent=transport=dt_socket,embedding=1,server=y,suspend=n,address=127.0.0.1:56532
Begin MonoManager ReloadAssembly
Registering precompiled unity dll's ...
Register platform support module: /Applications/Unity/Hub/Editor/2020.3.15f2c1/Unity.app/Contents/PlaybackEngines/MacStandaloneSupport/UnityEditor.OSXStandalone.Extensions.dll
Registered in 0.000533 seconds.
Native extension for OSXStandalone target not found
Refreshing native plugins compatible for Editor in 45.14 ms, found 2 plugins.
Preloading 0 native plugins for Editor in 0.00 ms.
Mono: successfully reloaded assembly
- Completed reload, in  2.414 seconds
Domain Reload Profiling:
	ReloadAssembly (2414ms)
		BeginReloadAssembly (54ms)
			ExecutionOrderSort (0ms)
			DisableScriptedObjects (0ms)
			BackupInstance (0ms)
			ReleaseScriptingObjects (0ms)
			CreateAndSetChildDomain (1ms)
		EndReloadAssembly (488ms)
			LoadAssemblies (53ms)
			RebuildTransferFunctionScriptingTraits (0ms)
			SetupTypeCache (193ms)
			ReleaseScriptCaches (0ms)
			RebuildScriptCaches (41ms)
			SetupLoadedEditorAssemblies (200ms)
				LogAssemblyErrors (0ms)
				InitializePlatformSupportModulesInManaged (4ms)
				SetLoadedEditorAssemblies (0ms)
				RefreshPlugins (45ms)
				BeforeProcessingInitializeOnLoad (24ms)
				ProcessInitializeOnLoadAttributes (96ms)
				ProcessInitializeOnLoadMethodAttributes (30ms)
				AfterProcessingInitializeOnLoad (0ms)
				EditorAssembliesLoaded (0ms)
			ExecutionOrderSort2 (0ms)
			AwakeInstancesAfterBackupRestoration (0ms)
Platform modules already initialized, skipping
Registering precompiled user dll's ...
Registered in 0.002448 seconds.
Begin MonoManager ReloadAssembly
Native extension for OSXStandalone target not found
Refreshing native plugins compatible for Editor in 46.87 ms, found 2 plugins.
Preloading 0 native plugins for Editor in 0.00 ms.
Mono: successfully reloaded assembly
- Completed reload, in  1.431 seconds
Domain Reload Profiling:
	ReloadAssembly (1432ms)
		BeginReloadAssembly (186ms)
			ExecutionOrderSort (0ms)
			DisableScriptedObjects (5ms)
			BackupInstance (0ms)
			ReleaseScriptingObjects (0ms)
			CreateAndSetChildDomain (37ms)
		EndReloadAssembly (1179ms)
			LoadAssemblies (93ms)
			RebuildTransferFunctionScriptingTraits (0ms)
			SetupTypeCache (410ms)
			ReleaseScriptCaches (1ms)
			RebuildScriptCaches (78ms)
			SetupLoadedEditorAssemblies (464ms)
				LogAssemblyErrors (0ms)
				InitializePlatformSupportModulesInManaged (4ms)
				SetLoadedEditorAssemblies (0ms)
				RefreshPlugins (47ms)
				BeforeProcessingInitializeOnLoad (92ms)
				ProcessInitializeOnLoadAttributes (315ms)
				ProcessInitializeOnLoadMethodAttributes (4ms)
				AfterProcessingInitializeOnLoad (1ms)
				EditorAssembliesLoaded (0ms)
			ExecutionOrderSort2 (0ms)
			AwakeInstancesAfterBackupRestoration (7ms)
Platform modules already initialized, skipping
========================================================================
Worker process is ready to serve import requests
Shader 'Universal Render Pipeline/Particles/Lit': fallback shader 'Universal Render Pipeline/Particles/SimpleLit' not found
Launching external process: /Applications/Unity/Hub/Editor/2020.3.15f2c1/Unity.app/Contents/Tools/UnityShaderCompiler
Launched and connected shader compiler UnityShaderCompiler after 0.01 seconds
Refreshing native plugins compatible for Editor in 0.46 ms, found 2 plugins.
Preloading 0 native plugins for Editor in 0.00 ms.
Unloading 2852 Unused Serialized files (Serialized files now loaded: 0)
System memory in use before: 221.5 MB.
System memory in use after: 221.5 MB.

Unloading 27 unused Assets to reduce memory usage. Loaded Objects now: 3284.
Total: 2.641511 ms (FindLiveObjects: 0.265934 ms CreateObjectMapping: 0.131919 ms MarkObjects: 2.082552 ms  DeleteObjects: 0.160195 ms)

AssetImportParameters requested are different than current active one (requested -> active):
  custom:video-decoder-ogg-theora: a1e56fd34408186e4bbccfd4996cb3dc -> 
  custom:container-muxer-webm: aa71ff27fc2769a1b78a27578f13a17b -> 
  custom:container-demuxer-webm: 4f35f7cbe854078d1ac9338744f61a02 -> 
  custom:container-demuxer-ogg: 62fdf1f143b41e24485cea50d1cbac27 -> 
  custom:video-encoder-webm-vp8: eb34c28f22e8b96e1ab97ce403110664 -> 
  custom:framework-osx-AVFoundation: e770b220cccbd017edd2c1fefb359320 -> 
  custom:video-decoder-webm-vp8: 9c59270c3fd7afecdb556c50c9e8de78 -> 
  custom:audio-decoder-ogg-vorbis: bf7c407c2cedff20999df2af8eb42d56 -> 
  custom:audio-encoder-webm-vorbis: bf7c407c2cedff20999df2af8eb42d56 -> 
========================================================================
Received Import Request.
  path: Assets/Textures/Ripple.psd
  artifactKey: Guid(c794c3c7af858b54780c14ee8bdbd032) Importer(815301076,1909f56bfc062723c751e8b465ee728b)
Start importing Assets/Textures/Ripple.psd using Guid(c794c3c7af858b54780c14ee8bdbd032) Importer(815301076,1909f56bfc062723c751e8b465ee728b)  -> (artifact id: '61c9a023ab6927a59bcafea7b6f4d2c0') in 1.210296 seconds 
  Import took 1.214729 seconds .

========================================================================
Received Import Request.
  Time since last request: 5.286682 seconds.
  path: Assets/Materials/Ripple.mat
  artifactKey: Guid(1cc238cc06bf5704fb980fe6ebd1faa7) Importer(815301076,1909f56bfc062723c751e8b465ee728b)
Start importing Assets/Materials/Ripple.mat using Guid(1cc238cc06bf5704fb980fe6ebd1faa7) Importer(815301076,1909f56bfc062723c751e8b465ee728b)  -> (artifact id: 'fb76499410c5b21a01a3f652aa44af60') in 1.056969 seconds 
  Import took 1.062701 seconds .

========================================================================
Received Import Request.
  Time since last request: 0.000254 seconds.
  path: Assets/Materials/Shader Graphs_Water.mat
  artifactKey: Guid(b8e554ed6d67c461c8f473c380350a89) Importer(815301076,1909f56bfc062723c751e8b465ee728b)
Start importing Assets/Materials/Shader Graphs_Water.mat using Guid(b8e554ed6d67c461c8f473c380350a89) Importer(815301076,1909f56bfc062723c751e8b465ee728b)  -> (artifact id: 'e27096239724b3a0548417729301a607') in 0.117934 seconds 
  Import took 0.121757 seconds .

========================================================================
Received Import Request.
  Time since last request: 0.000223 seconds.
  path: Assets/Materials/RippleFX.mat
  artifactKey: Guid(346792ea29b214058ad20d7f1b91e9e5) Importer(815301076,1909f56bfc062723c751e8b465ee728b)
Start importing Assets/Materials/RippleFX.mat using Guid(346792ea29b214058ad20d7f1b91e9e5) Importer(815301076,1909f56bfc062723c751e8b465ee728b)  -> (artifact id: 'df5ca3f1c90bc638e5858973ce33c971') in 0.022604 seconds 
  Import took 0.026592 seconds .

========================================================================
Received Import Request.
  Time since last request: 1704.032987 seconds.
  path: Assets/Textures/NormalMap.psd
  artifactKey: Guid(f1f08e6d5b911464e85ebbd16e47611e) Importer(815301076,1909f56bfc062723c751e8b465ee728b)
Start importing Assets/Textures/NormalMap.psd using Guid(f1f08e6d5b911464e85ebbd16e47611e) Importer(815301076,1909f56bfc062723c751e8b465ee728b)  -> (artifact id: '430041328f27de1f81ec74f8072e226f') in 0.010271 seconds 
  Import took 0.015308 seconds .

========================================================================
Received Import Request.
  Time since last request: 1177.546200 seconds.
  path: Assets/Textures/NormalMap (1).psd
  artifactKey: Guid(c82a5f27a11be4cd78aa6f9c2081e61c) Importer(815301076,1909f56bfc062723c751e8b465ee728b)
Start importing Assets/Textures/NormalMap (1).psd using Guid(c82a5f27a11be4cd78aa6f9c2081e61c) Importer(815301076,1909f56bfc062723c751e8b465ee728b)  -> (artifact id: '10d1e03b58f1d783a6338697e8bdf367') in 0.011493 seconds 
  Import took 0.016622 seconds .

========================================================================
Received Import Request.
  Time since last request: 0.001693 seconds.
  path: Assets/Textures/NormalMap (1).psd
  artifactKey: Guid(c82a5f27a11be4cd78aa6f9c2081e61c) Importer(815301076,1909f56bfc062723c751e8b465ee728b)
Start importing Assets/Textures/NormalMap (1).psd using Guid(c82a5f27a11be4cd78aa6f9c2081e61c) Importer(815301076,1909f56bfc062723c751e8b465ee728b)  -> (artifact id: '10d1e03b58f1d783a6338697e8bdf367') in 0.014385 seconds 
  Import took 0.018591 seconds .

========================================================================
Received Import Request.
  Time since last request: 13.470264 seconds.
  path: Assets/Textures/NormalMap.psd
  artifactKey: Guid(c82a5f27a11be4cd78aa6f9c2081e61c) Importer(815301076,1909f56bfc062723c751e8b465ee728b)
Start importing Assets/Textures/NormalMap.psd using Guid(c82a5f27a11be4cd78aa6f9c2081e61c) Importer(815301076,1909f56bfc062723c751e8b465ee728b)  -> (artifact id: '3a12c7b587fb2a49d35823c21dea1ab9') in 0.009502 seconds 
  Import took 0.014504 seconds .

========================================================================
Received Import Request.
  Time since last request: 0.009397 seconds.
  path: Assets/Textures/NormalMap.psd
  artifactKey: Guid(c82a5f27a11be4cd78aa6f9c2081e61c) Importer(815301076,1909f56bfc062723c751e8b465ee728b)
Start importing Assets/Textures/NormalMap.psd using Guid(c82a5f27a11be4cd78aa6f9c2081e61c) Importer(815301076,1909f56bfc062723c751e8b465ee728b)  -> (artifact id: '3a12c7b587fb2a49d35823c21dea1ab9') in 0.010159 seconds 
  Import took 0.015152 seconds .

========================================================================
Received Import Request.
  Time since last request: 18.177666 seconds.
  path: Assets/Textures/NormalMap.psd
  artifactKey: Guid(c82a5f27a11be4cd78aa6f9c2081e61c) Importer(815301076,1909f56bfc062723c751e8b465ee728b)
Start importing Assets/Textures/NormalMap.psd using Guid(c82a5f27a11be4cd78aa6f9c2081e61c) Importer(815301076,1909f56bfc062723c751e8b465ee728b)  -> (artifact id: 'b815918d145522bdf451ca9e5d5e958c') in 0.009409 seconds 
  Import took 0.014032 seconds .

========================================================================
Received Import Request.
  Time since last request: 0.010026 seconds.
  path: Assets/Textures/NormalMap.psd
  artifactKey: Guid(c82a5f27a11be4cd78aa6f9c2081e61c) Importer(815301076,1909f56bfc062723c751e8b465ee728b)
Start importing Assets/Textures/NormalMap.psd using Guid(c82a5f27a11be4cd78aa6f9c2081e61c) Importer(815301076,1909f56bfc062723c751e8b465ee728b)  -> (artifact id: 'b815918d145522bdf451ca9e5d5e958c') in 0.009628 seconds 
  Import took 0.014437 seconds .

========================================================================
Received Import Request.
  Time since last request: 21.691529 seconds.
  path: Assets/Materials/RippleFX.mat
  artifactKey: Guid(346792ea29b214058ad20d7f1b91e9e5) Importer(815301076,1909f56bfc062723c751e8b465ee728b)
Start importing Assets/Materials/RippleFX.mat using Guid(346792ea29b214058ad20d7f1b91e9e5) Importer(815301076,1909f56bfc062723c751e8b465ee728b)  -> (artifact id: '49edcc12b972ce789d7495c321fbe742') in 0.014631 seconds 
  Import took 0.020971 seconds .

========================================================================
Received Import Request.
  Time since last request: 0.000220 seconds.
  path: Assets/Materials/Shader Graphs_Water.mat
  artifactKey: Guid(b8e554ed6d67c461c8f473c380350a89) Importer(815301076,1909f56bfc062723c751e8b465ee728b)
Start importing Assets/Materials/Shader Graphs_Water.mat using Guid(b8e554ed6d67c461c8f473c380350a89) Importer(815301076,1909f56bfc062723c751e8b465ee728b)  -> (artifact id: '75d3137d837f0ffa251b37c486694f8e') in 0.020270 seconds 
  Import took 0.025509 seconds .

========================================================================
Received Import Request.
  Time since last request: 339.398428 seconds.
  path: Assets/Textures/NormalMap 1.psd
  artifactKey: Guid(dcf9a32d7259848d39fa1924b6ef40d1) Importer(815301076,1909f56bfc062723c751e8b465ee728b)
Start importing Assets/Textures/NormalMap 1.psd using Guid(dcf9a32d7259848d39fa1924b6ef40d1) Importer(815301076,1909f56bfc062723c751e8b465ee728b)  -> (artifact id: '4b0ffbab270b335809643be578c8d688') in 0.010760 seconds 
  Import took 0.016502 seconds .

========================================================================
Received Import Request.
  Time since last request: 0.006297 seconds.
  path: Assets/Textures/NormalMap 1.psd
  artifactKey: Guid(dcf9a32d7259848d39fa1924b6ef40d1) Importer(815301076,1909f56bfc062723c751e8b465ee728b)
Start importing Assets/Textures/NormalMap 1.psd using Guid(dcf9a32d7259848d39fa1924b6ef40d1) Importer(815301076,1909f56bfc062723c751e8b465ee728b)  -> (artifact id: '4b0ffbab270b335809643be578c8d688') in 0.011972 seconds 
  Import took 0.016889 seconds .

========================================================================
Received Import Request.
  Time since last request: 18.476508 seconds.
  path: Assets/Textures/NormalMap.psd
  artifactKey: Guid(dcf9a32d7259848d39fa1924b6ef40d1) Importer(815301076,1909f56bfc062723c751e8b465ee728b)
Start importing Assets/Textures/NormalMap.psd using Guid(dcf9a32d7259848d39fa1924b6ef40d1) Importer(815301076,1909f56bfc062723c751e8b465ee728b)  -> (artifact id: '24deaa37e7618a9d023f15d51d287b53') in 0.011094 seconds 
  Import took 0.016365 seconds .

========================================================================
Received Import Request.
  Time since last request: 0.020802 seconds.
  path: Assets/Textures/NormalMap.psd
  artifactKey: Guid(dcf9a32d7259848d39fa1924b6ef40d1) Importer(815301076,1909f56bfc062723c751e8b465ee728b)
Start importing Assets/Textures/NormalMap.psd using Guid(dcf9a32d7259848d39fa1924b6ef40d1) Importer(815301076,1909f56bfc062723c751e8b465ee728b)  -> (artifact id: '24deaa37e7618a9d023f15d51d287b53') in 0.010933 seconds 
  Import took 0.017120 seconds .

========================================================================
Received Import Request.
  Time since last request: 119.528135 seconds.
  path: Assets/Materials/RippleNormalVersion.mat
  artifactKey: Guid(346792ea29b214058ad20d7f1b91e9e5) Importer(815301076,1909f56bfc062723c751e8b465ee728b)
Start importing Assets/Materials/RippleNormalVersion.mat using Guid(346792ea29b214058ad20d7f1b91e9e5) Importer(815301076,1909f56bfc062723c751e8b465ee728b)  -> (artifact id: '18cf40e7da7a7a58e1ff34df42af0a2d') in 0.011800 seconds 
  Import took 0.016741 seconds .

========================================================================
Received Import Request.
  Time since last request: 22.576734 seconds.
  path: Assets/Materials/RippleC.mat
  artifactKey: Guid(1cc238cc06bf5704fb980fe6ebd1faa7) Importer(815301076,1909f56bfc062723c751e8b465ee728b)
Start importing Assets/Materials/RippleC.mat using Guid(1cc238cc06bf5704fb980fe6ebd1faa7) Importer(815301076,1909f56bfc062723c751e8b465ee728b)  -> (artifact id: '9551c6a7b68b51e30c3b03f3eafc2d8c') in 0.013633 seconds 
  Import took 0.019879 seconds .

========================================================================
Received Import Request.
  Time since last request: 6.877894 seconds.
  path: Assets/Materials/RippleColor.mat
  artifactKey: Guid(1cc238cc06bf5704fb980fe6ebd1faa7) Importer(815301076,1909f56bfc062723c751e8b465ee728b)
Start importing Assets/Materials/RippleColor.mat using Guid(1cc238cc06bf5704fb980fe6ebd1faa7) Importer(815301076,1909f56bfc062723c751e8b465ee728b)  -> (artifact id: '83a4416809b0cecbc34f0b827ecd516e') in 0.012833 seconds 
  Import took 0.017477 seconds .

========================================================================
Received Import Request.
  Time since last request: 6.183090 seconds.
  path: Assets/Materials/RippleNormal.mat
  artifactKey: Guid(346792ea29b214058ad20d7f1b91e9e5) Importer(815301076,1909f56bfc062723c751e8b465ee728b)
Start importing Assets/Materials/RippleNormal.mat using Guid(346792ea29b214058ad20d7f1b91e9e5) Importer(815301076,1909f56bfc062723c751e8b465ee728b)  -> (artifact id: 'aa367a67ef32c2e4b34ba042235a2506') in 0.011349 seconds 
  Import took 0.017474 seconds .

========================================================================
Received Import Request.
  Time since last request: 1568.467681 seconds.
  path: Packages/com.unity.render-pipelines.universal/Runtime/Materials/ParticlesUnlit.mat
  artifactKey: Guid(e823cd5b5d27c0f4b8256e7c12ee3e6d) Importer(815301076,1909f56bfc062723c751e8b465ee728b)
Start importing Packages/com.unity.render-pipelines.universal/Runtime/Materials/ParticlesUnlit.mat using Guid(e823cd5b5d27c0f4b8256e7c12ee3e6d) Importer(815301076,1909f56bfc062723c751e8b465ee728b)  -> (artifact id: 'a6d3bac30e0c3da08768836858914317') in 0.199355 seconds 
  Import took 0.204489 seconds .

========================================================================
Received Import Request.
  Time since last request: 401.986207 seconds.
  path: Assets/Shaders/Ripple.shadergraph
  artifactKey: Guid(81e8bfdf398bc4631a6a27aebfed7be0) Importer(815301076,1909f56bfc062723c751e8b465ee728b)
Start importing Assets/Shaders/Ripple.shadergraph using Guid(81e8bfdf398bc4631a6a27aebfed7be0) Importer(815301076,1909f56bfc062723c751e8b465ee728b)  -> (artifact id: 'd3773216b3f961020305b2bc1e098bba') in 0.383038 seconds 
  Import took 0.387877 seconds .

========================================================================
Received Import Request.
  Time since last request: 0.000824 seconds.
  path: Assets/Shaders/Ripple.shadergraph
  artifactKey: Guid(81e8bfdf398bc4631a6a27aebfed7be0) Importer(815301076,1909f56bfc062723c751e8b465ee728b)
Start importing Assets/Shaders/Ripple.shadergraph using Guid(81e8bfdf398bc4631a6a27aebfed7be0) Importer(815301076,1909f56bfc062723c751e8b465ee728b)  -> (artifact id: 'd3773216b3f961020305b2bc1e098bba') in 0.004222 seconds 
  Import took 0.008764 seconds .

========================================================================
Received Import Request.
  Time since last request: 147.745093 seconds.
  path: Assets/Shaders/Ripple.shadergraph
  artifactKey: Guid(81e8bfdf398bc4631a6a27aebfed7be0) Importer(815301076,1909f56bfc062723c751e8b465ee728b)
Start importing Assets/Shaders/Ripple.shadergraph using Guid(81e8bfdf398bc4631a6a27aebfed7be0) Importer(815301076,1909f56bfc062723c751e8b465ee728b)  -> (artifact id: '7dc03090aa4acb7d0b6d396276534876') in 0.003038 seconds 
  Import took 0.008080 seconds .

========================================================================
Received Import Request.
  Time since last request: 181.278741 seconds.
  path: Assets/Shaders/Ripple.shadergraph
  artifactKey: Guid(81e8bfdf398bc4631a6a27aebfed7be0) Importer(815301076,1909f56bfc062723c751e8b465ee728b)
Start importing Assets/Shaders/Ripple.shadergraph using Guid(81e8bfdf398bc4631a6a27aebfed7be0) Importer(815301076,1909f56bfc062723c751e8b465ee728b)  -> (artifact id: '889fcf5001c05815bde268f785039ebf') in 0.003348 seconds 
  Import took 0.008104 seconds .

========================================================================
Received Import Request.
  Time since last request: 105.045971 seconds.
  path: Assets/Shaders/WaterFX.shader
  artifactKey: Guid(8c621a0d48df54f3290ecdf64f2d61aa) Importer(815301076,1909f56bfc062723c751e8b465ee728b)
Start importing Assets/Shaders/WaterFX.shader using Guid(8c621a0d48df54f3290ecdf64f2d61aa) Importer(815301076,1909f56bfc062723c751e8b465ee728b)  -> (artifact id: '217231de6bb98118a63e23a9fafc43cb') in 0.385954 seconds 
  Import took 0.391182 seconds .

========================================================================
Received Import Request.
  Time since last request: 1.687100 seconds.
  path: Assets/Shaders/Water.shadergraph
  artifactKey: Guid(ecf12d293350a49c9a4b068c4d4875ad) Importer(815301076,1909f56bfc062723c751e8b465ee728b)
Start importing Assets/Shaders/Water.shadergraph using Guid(ecf12d293350a49c9a4b068c4d4875ad) Importer(815301076,1909f56bfc062723c751e8b465ee728b)  -> (artifact id: 'e12dc34cf4d52630bc8dd355cd98aa47') in 0.005053 seconds 
  Import took 0.009865 seconds .

========================================================================
Received Import Request.
  Time since last request: 16.804954 seconds.
  path: Assets/Textures/RippleCOlor.psd
  artifactKey: Guid(c794c3c7af858b54780c14ee8bdbd032) Importer(815301076,1909f56bfc062723c751e8b465ee728b)
Start importing Assets/Textures/RippleCOlor.psd using Guid(c794c3c7af858b54780c14ee8bdbd032) Importer(815301076,1909f56bfc062723c751e8b465ee728b)  -> (artifact id: 'b633ed0d895c10b77ec3f4af6b0d5c2e') in 0.011896 seconds 
  Import took 0.016481 seconds .

========================================================================
Received Import Request.
  Time since last request: 0.008805 seconds.
  path: Assets/Textures/RippleCOlor.psd
  artifactKey: Guid(c794c3c7af858b54780c14ee8bdbd032) Importer(815301076,1909f56bfc062723c751e8b465ee728b)
Start importing Assets/Textures/RippleCOlor.psd using Guid(c794c3c7af858b54780c14ee8bdbd032) Importer(815301076,1909f56bfc062723c751e8b465ee728b)  -> (artifact id: 'b633ed0d895c10b77ec3f4af6b0d5c2e') in 0.008480 seconds 
  Import took 0.013186 seconds .

========================================================================
Received Import Request.
  Time since last request: 5.010158 seconds.
  path: Assets/Textures/RippleColor.psd
  artifactKey: Guid(c794c3c7af858b54780c14ee8bdbd032) Importer(815301076,1909f56bfc062723c751e8b465ee728b)
Start importing Assets/Textures/RippleColor.psd using Guid(c794c3c7af858b54780c14ee8bdbd032) Importer(815301076,1909f56bfc062723c751e8b465ee728b)  -> (artifact id: '19182531916f6094a549931f817a111b') in 0.008021 seconds 
  Import took 0.012670 seconds .

========================================================================
Received Import Request.
  Time since last request: 0.011936 seconds.
  path: Assets/Textures/RippleColor.psd
  artifactKey: Guid(c794c3c7af858b54780c14ee8bdbd032) Importer(815301076,1909f56bfc062723c751e8b465ee728b)
Start importing Assets/Textures/RippleColor.psd using Guid(c794c3c7af858b54780c14ee8bdbd032) Importer(815301076,1909f56bfc062723c751e8b465ee728b)  -> (artifact id: '19182531916f6094a549931f817a111b') in 0.007975 seconds 
  Import took 0.012544 seconds .

========================================================================
Received Import Request.
  Time since last request: 7.128373 seconds.
  path: Assets/Textures/RippleNormal.psd
  artifactKey: Guid(dcf9a32d7259848d39fa1924b6ef40d1) Importer(815301076,1909f56bfc062723c751e8b465ee728b)
Start importing Assets/Textures/RippleNormal.psd using Guid(dcf9a32d7259848d39fa1924b6ef40d1) Importer(815301076,1909f56bfc062723c751e8b465ee728b)  -> (artifact id: 'dc41a3111dd1fe456c21995b92d97784') in 0.012402 seconds 
  Import took 0.016960 seconds .

========================================================================
Received Import Request.
  Time since last request: 0.008533 seconds.
  path: Assets/Textures/RippleNormal.psd
  artifactKey: Guid(dcf9a32d7259848d39fa1924b6ef40d1) Importer(815301076,1909f56bfc062723c751e8b465ee728b)
Start importing Assets/Textures/RippleNormal.psd using Guid(dcf9a32d7259848d39fa1924b6ef40d1) Importer(815301076,1909f56bfc062723c751e8b465ee728b)  -> (artifact id: 'dc41a3111dd1fe456c21995b92d97784') in 0.008731 seconds 
  Import took 0.013249 seconds .

========================================================================
Received Import Request.
  Time since last request: 28.243079 seconds.
  path: Assets/Materials/RippleColor.mat
  artifactKey: Guid(1cc238cc06bf5704fb980fe6ebd1faa7) Importer(815301076,1909f56bfc062723c751e8b465ee728b)
Start importing Assets/Materials/RippleColor.mat using Guid(1cc238cc06bf5704fb980fe6ebd1faa7) Importer(815301076,1909f56bfc062723c751e8b465ee728b)  -> (artifact id: '652d13b391232a05d1a7028ab492db02') in 0.015154 seconds 
  Import took 0.020791 seconds .

========================================================================
Received Import Request.
  Time since last request: 70.446699 seconds.
  path: Assets/Prefabs
  artifactKey: Guid(68d255356b9664f20bae1b4f9bcf10e8) Importer(815301076,1909f56bfc062723c751e8b465ee728b)
Start importing Assets/Prefabs using Guid(68d255356b9664f20bae1b4f9bcf10e8) Importer(815301076,1909f56bfc062723c751e8b465ee728b)  -> (artifact id: '761dbba75f8cc059d7406b557053703f') in 0.002209 seconds 
  Import took 0.007219 seconds .

========================================================================
Received Import Request.
  Time since last request: 4.754157 seconds.
  path: Assets/Prefabs/Rain.prefab
  artifactKey: Guid(3c73ec2b05593480e927570404ef5143) Importer(815301076,1909f56bfc062723c751e8b465ee728b)
Start importing Assets/Prefabs/Rain.prefab using Guid(3c73ec2b05593480e927570404ef5143) Importer(815301076,1909f56bfc062723c751e8b465ee728b)  -> (artifact id: '739099849afe4ec9016b5b22c485484d') in 0.207567 seconds 
  Import took 0.213126 seconds .

========================================================================
Received Import Request.
  Time since last request: 161.113524 seconds.
  path: Assets/Prefabs/Rain.prefab
  artifactKey: Guid(3c73ec2b05593480e927570404ef5143) Importer(815301076,1909f56bfc062723c751e8b465ee728b)
Start importing Assets/Prefabs/Rain.prefab using Guid(3c73ec2b05593480e927570404ef5143) Importer(815301076,1909f56bfc062723c751e8b465ee728b)  -> (artifact id: '02b9da7a54e21b5e4fd55fc87b988486') in 0.014394 seconds 
  Import took 0.019759 seconds .

========================================================================
Received Prepare
Registering precompiled user dll's ...
Registered in 0.006534 seconds.
Begin MonoManager ReloadAssembly
Native extension for OSXStandalone target not found
Refreshing native plugins compatible for Editor in 0.44 ms, found 2 plugins.
Preloading 0 native plugins for Editor in 0.00 ms.
Mono: successfully reloaded assembly
- Completed reload, in  1.318 seconds
Domain Reload Profiling:
	ReloadAssembly (1318ms)
		BeginReloadAssembly (162ms)
			ExecutionOrderSort (0ms)
			DisableScriptedObjects (7ms)
			BackupInstance (0ms)
			ReleaseScriptingObjects (0ms)
			CreateAndSetChildDomain (70ms)
		EndReloadAssembly (1088ms)
			LoadAssemblies (91ms)
			RebuildTransferFunctionScriptingTraits (0ms)
			SetupTypeCache (380ms)
			ReleaseScriptCaches (1ms)
			RebuildScriptCaches (60ms)
			SetupLoadedEditorAssemblies (391ms)
				LogAssemblyErrors (0ms)
				InitializePlatformSupportModulesInManaged (4ms)
				SetLoadedEditorAssemblies (0ms)
				RefreshPlugins (0ms)
				BeforeProcessingInitializeOnLoad (80ms)
				ProcessInitializeOnLoadAttributes (301ms)
				ProcessInitializeOnLoadMethodAttributes (4ms)
				AfterProcessingInitializeOnLoad (1ms)
				EditorAssembliesLoaded (0ms)
			ExecutionOrderSort2 (0ms)
			AwakeInstancesAfterBackupRestoration (18ms)
Platform modules already initialized, skipping
Shader 'Universal Render Pipeline/Particles/Lit': fallback shader 'Universal Render Pipeline/Particles/SimpleLit' not found
Refreshing native plugins compatible for Editor in 0.51 ms, found 2 plugins.
Preloading 0 native plugins for Editor in 0.00 ms.
Unloading 2745 Unused Serialized files (Serialized files now loaded: 0)
System memory in use before: 247.5 MB.
System memory in use after: 247.5 MB.

Unloading 23 unused Assets to reduce memory usage. Loaded Objects now: 3370.
Total: 2.874134 ms (FindLiveObjects: 0.288597 ms CreateObjectMapping: 0.146018 ms MarkObjects: 2.291358 ms  DeleteObjects: 0.147314 ms)

AssetImportParameters requested are different than current active one (requested -> active):
  custom:video-decoder-ogg-theora: a1e56fd34408186e4bbccfd4996cb3dc -> 
  custom:container-muxer-webm: aa71ff27fc2769a1b78a27578f13a17b -> 
  custom:container-demuxer-webm: 4f35f7cbe854078d1ac9338744f61a02 -> 
  custom:container-demuxer-ogg: 62fdf1f143b41e24485cea50d1cbac27 -> 
  custom:video-encoder-webm-vp8: eb34c28f22e8b96e1ab97ce403110664 -> 
  custom:framework-osx-AVFoundation: e770b220cccbd017edd2c1fefb359320 -> 
  custom:video-decoder-webm-vp8: 9c59270c3fd7afecdb556c50c9e8de78 -> 
  custom:audio-decoder-ogg-vorbis: bf7c407c2cedff20999df2af8eb42d56 -> 
  custom:audio-encoder-webm-vorbis: bf7c407c2cedff20999df2af8eb42d56 -> 
